<?xml version="1.0" encoding="UTF-8"?>
<!-- Generated by org.testng.reporters.JUnitReportReporter -->
<testsuite hostname="fec8b38957ba" failures="0" tests="15" name="com.testcases.FlightReservationTest" time="48.145" errors="0" timestamp="2024-10-11T06:53:35 GMT" skipped="0">
  <testcase classname="com.testcases.FlightReservationTest" name="searchingflightsflow" time="3.855"/>
  <testcase classname="com.testcases.FlightReservationTest" name="finalconfirmationflow" time="1.760"/>
  <testcase classname="com.testcases.FlightReservationTest" name="registrationflow" time="3.707"/>
  <testcase classname="com.testcases.FlightReservationTest" name="selectflightsflow" time="7.754"/>
  <testcase classname="com.testcases.FlightReservationTest" name="finalconfirmationflow" time="1.748"/>
  <testcase classname="com.testcases.FlightReservationTest" name="searchingflightsflow" time="3.708"/>
  <testcase classname="com.testcases.FlightReservationTest" name="finalconfirmationflow" time="0.798"/>
  <testcase classname="com.testcases.FlightReservationTest" name="searchingflightsflow" time="3.297"/>
  <testcase classname="com.testcases.FlightReservationTest" name="selectflightsflow" time="6.214"/>
  <testcase classname="com.testcases.FlightReservationTest" name="registrationflow" time="3.605"/>
  <testcase classname="com.testcases.FlightReservationTest" name="registrationconfirmationflow" time="1.297"/>
  <testcase classname="com.testcases.FlightReservationTest" name="registrationflow" time="3.354"/>
  <testcase classname="com.testcases.FlightReservationTest" name="selectflightsflow" time="6.196"/>
  <testcase classname="com.testcases.FlightReservationTest" name="registrationconfirmationflow" time="0.170"/>
  <testcase classname="com.testcases.FlightReservationTest" name="registrationconfirmationflow" time="0.682"/>
</testsuite> <!-- com.testcases.FlightReservationTest -->
