<?xml version="1.0" encoding="UTF-8"?>
<!-- Generated by org.testng.reporters.JUnitReportReporter -->
<testsuite hostname="63637a80b4af" failures="0" tests="15" name="com.testcases.FlightReservationTest" time="50.425" errors="0" timestamp="2024-10-11T06:58:56 GMT" skipped="0">
  <testcase classname="com.testcases.FlightReservationTest" name="registrationflow" time="3.953"/>
  <testcase classname="com.testcases.FlightReservationTest" name="searchingflightsflow" time="3.757"/>
  <testcase classname="com.testcases.FlightReservationTest" name="finalconfirmationflow" time="1.406"/>
  <testcase classname="com.testcases.FlightReservationTest" name="selectflightsflow" time="7.780"/>
  <testcase classname="com.testcases.FlightReservationTest" name="registrationconfirmationflow" time="0.743"/>
  <testcase classname="com.testcases.FlightReservationTest" name="registrationconfirmationflow" time="0.158"/>
  <testcase classname="com.testcases.FlightReservationTest" name="selectflightsflow" time="6.259"/>
  <testcase classname="com.testcases.FlightReservationTest" name="registrationflow" time="3.436"/>
  <testcase classname="com.testcases.FlightReservationTest" name="searchingflightsflow" time="4.861"/>
  <testcase classname="com.testcases.FlightReservationTest" name="finalconfirmationflow" time="0.752"/>
  <testcase classname="com.testcases.FlightReservationTest" name="finalconfirmationflow" time="1.338"/>
  <testcase classname="com.testcases.FlightReservationTest" name="registrationconfirmationflow" time="1.250"/>
  <testcase classname="com.testcases.FlightReservationTest" name="selectflightsflow" time="7.219"/>
  <testcase classname="com.testcases.FlightReservationTest" name="searchingflightsflow" time="3.693"/>
  <testcase classname="com.testcases.FlightReservationTest" name="registrationflow" time="3.820"/>
</testsuite> <!-- com.testcases.FlightReservationTest -->
