<?xml version="1.0" encoding="UTF-8"?>
<!-- Generated by org.testng.reporters.JUnitReportReporter -->
<testsuite hostname="48953b58c8ee" failures="0" tests="15" name="com.testcases.FlightReservationTest" time="47.020" errors="0" timestamp="2024-10-12T12:30:58 GMT" skipped="0">
  <testcase classname="com.testcases.FlightReservationTest" name="finalconfirmationflow" time="0.705"/>
  <testcase classname="com.testcases.FlightReservationTest" name="finalconfirmationflow" time="1.778"/>
  <testcase classname="com.testcases.FlightReservationTest" name="searchingflightsflow" time="3.537"/>
  <testcase classname="com.testcases.FlightReservationTest" name="selectflightsflow" time="7.230"/>
  <testcase classname="com.testcases.FlightReservationTest" name="registrationconfirmationflow" time="0.151"/>
  <testcase classname="com.testcases.FlightReservationTest" name="registrationconfirmationflow" time="1.223"/>
  <testcase classname="com.testcases.FlightReservationTest" name="registrationflow" time="3.478"/>
  <testcase classname="com.testcases.FlightReservationTest" name="registrationflow" time="3.337"/>
  <testcase classname="com.testcases.FlightReservationTest" name="searchingflightsflow" time="3.639"/>
  <testcase classname="com.testcases.FlightReservationTest" name="searchingflightsflow" time="3.058"/>
  <testcase classname="com.testcases.FlightReservationTest" name="selectflightsflow" time="6.788"/>
  <testcase classname="com.testcases.FlightReservationTest" name="selectflightsflow" time="5.696"/>
  <testcase classname="com.testcases.FlightReservationTest" name="registrationflow" time="3.467"/>
  <testcase classname="com.testcases.FlightReservationTest" name="registrationconfirmationflow" time="0.664"/>
  <testcase classname="com.testcases.FlightReservationTest" name="finalconfirmationflow" time="2.269"/>
</testsuite> <!-- com.testcases.FlightReservationTest -->
