<?xml version="1.0" encoding="UTF-8"?>
<!-- Generated by org.testng.reporters.JUnitReportReporter -->
<testsuite hostname="7d097f6a0ae6" failures="0" tests="15" name="com.testcases.FlightReservationTest" time="50.108" errors="0" timestamp="2024-10-12T13:40:22 GMT" skipped="0">
  <testcase classname="com.testcases.FlightReservationTest" name="searchingflightsflow" time="3.520"/>
  <testcase classname="com.testcases.FlightReservationTest" name="registrationconfirmationflow" time="0.685"/>
  <testcase classname="com.testcases.FlightReservationTest" name="registrationconfirmationflow" time="0.732"/>
  <testcase classname="com.testcases.FlightReservationTest" name="registrationflow" time="3.849"/>
  <testcase classname="com.testcases.FlightReservationTest" name="registrationflow" time="3.725"/>
  <testcase classname="com.testcases.FlightReservationTest" name="finalconfirmationflow" time="0.711"/>
  <testcase classname="com.testcases.FlightReservationTest" name="finalconfirmationflow" time="0.713"/>
  <testcase classname="com.testcases.FlightReservationTest" name="selectflightsflow" time="7.718"/>
  <testcase classname="com.testcases.FlightReservationTest" name="selectflightsflow" time="7.189"/>
  <testcase classname="com.testcases.FlightReservationTest" name="selectflightsflow" time="7.131"/>
  <testcase classname="com.testcases.FlightReservationTest" name="finalconfirmationflow" time="1.740"/>
  <testcase classname="com.testcases.FlightReservationTest" name="searchingflightsflow" time="3.094"/>
  <testcase classname="com.testcases.FlightReservationTest" name="registrationconfirmationflow" time="1.827"/>
  <testcase classname="com.testcases.FlightReservationTest" name="searchingflightsflow" time="3.676"/>
  <testcase classname="com.testcases.FlightReservationTest" name="registrationflow" time="3.798"/>
</testsuite> <!-- com.testcases.FlightReservationTest -->
