<?xml version="1.0" encoding="UTF-8"?>
<!-- Generated by org.testng.reporters.JUnitReportReporter -->
<testsuite hostname="f67d09b896a2" failures="0" tests="15" name="com.testcases.FlightReservationTest" time="60.081" errors="0" timestamp="2024-10-11T09:55:47 GMT" skipped="0">
  <testcase classname="com.testcases.FlightReservationTest" name="selectflightsflow" time="6.322"/>
  <testcase classname="com.testcases.FlightReservationTest" name="selectflightsflow" time="7.337"/>
  <testcase classname="com.testcases.FlightReservationTest" name="selectflightsflow" time="7.038"/>
  <testcase classname="com.testcases.FlightReservationTest" name="registrationconfirmationflow" time="1.162"/>
  <testcase classname="com.testcases.FlightReservationTest" name="registrationconfirmationflow" time="1.616"/>
  <testcase classname="com.testcases.FlightReservationTest" name="finalconfirmationflow" time="1.369"/>
  <testcase classname="com.testcases.FlightReservationTest" name="searchingflightsflow" time="3.709"/>
  <testcase classname="com.testcases.FlightReservationTest" name="searchingflightsflow" time="4.360"/>
  <testcase classname="com.testcases.FlightReservationTest" name="searchingflightsflow" time="4.474"/>
  <testcase classname="com.testcases.FlightReservationTest" name="finalconfirmationflow" time="2.380"/>
  <testcase classname="com.testcases.FlightReservationTest" name="registrationconfirmationflow" time="0.473"/>
  <testcase classname="com.testcases.FlightReservationTest" name="registrationflow" time="5.868"/>
  <testcase classname="com.testcases.FlightReservationTest" name="registrationflow" time="5.886"/>
  <testcase classname="com.testcases.FlightReservationTest" name="finalconfirmationflow" time="1.765"/>
  <testcase classname="com.testcases.FlightReservationTest" name="registrationflow" time="6.322"/>
</testsuite> <!-- com.testcases.FlightReservationTest -->
