<?xml version="1.0" encoding="UTF-8"?>
<!-- Generated by org.testng.reporters.JUnitReportReporter -->
<testsuite hostname="0e3c6d9c8c6e" failures="0" tests="15" name="com.testcases.FlightReservationTest" time="51.980" errors="0" timestamp="2024-10-11T08:11:47 GMT" skipped="0">
  <testcase classname="com.testcases.FlightReservationTest" name="registrationflow" time="2.981"/>
  <testcase classname="com.testcases.FlightReservationTest" name="finalconfirmationflow" time="2.253"/>
  <testcase classname="com.testcases.FlightReservationTest" name="registrationflow" time="2.945"/>
  <testcase classname="com.testcases.FlightReservationTest" name="searchingflightsflow" time="3.504"/>
  <testcase classname="com.testcases.FlightReservationTest" name="searchingflightsflow" time="3.505"/>
  <testcase classname="com.testcases.FlightReservationTest" name="registrationconfirmationflow" time="1.167"/>
  <testcase classname="com.testcases.FlightReservationTest" name="finalconfirmationflow" time="2.278"/>
  <testcase classname="com.testcases.FlightReservationTest" name="finalconfirmationflow" time="1.764"/>
  <testcase classname="com.testcases.FlightReservationTest" name="searchingflightsflow" time="4.562"/>
  <testcase classname="com.testcases.FlightReservationTest" name="registrationconfirmationflow" time="1.682"/>
  <testcase classname="com.testcases.FlightReservationTest" name="registrationflow" time="3.022"/>
  <testcase classname="com.testcases.FlightReservationTest" name="selectflightsflow" time="7.214"/>
  <testcase classname="com.testcases.FlightReservationTest" name="selectflightsflow" time="6.698"/>
  <testcase classname="com.testcases.FlightReservationTest" name="registrationconfirmationflow" time="1.167"/>
  <testcase classname="com.testcases.FlightReservationTest" name="selectflightsflow" time="7.238"/>
</testsuite> <!-- com.testcases.FlightReservationTest -->
