<?xml version="1.0" encoding="UTF-8"?>
<!-- Generated by org.testng.reporters.JUnitReportReporter -->
<testsuite hostname="6b5fd7767c6e" failures="0" tests="15" name="com.testcases.FlightReservationTest" time="49.459" errors="0" timestamp="2024-10-11T10:06:41 GMT" skipped="0">
  <testcase classname="com.testcases.FlightReservationTest" name="registrationflow" time="3.112"/>
  <testcase classname="com.testcases.FlightReservationTest" name="finalconfirmationflow" time="1.802"/>
  <testcase classname="com.testcases.FlightReservationTest" name="registrationflow" time="2.945"/>
  <testcase classname="com.testcases.FlightReservationTest" name="registrationconfirmationflow" time="1.216"/>
  <testcase classname="com.testcases.FlightReservationTest" name="selectflightsflow" time="7.343"/>
  <testcase classname="com.testcases.FlightReservationTest" name="registrationconfirmationflow" time="1.767"/>
  <testcase classname="com.testcases.FlightReservationTest" name="finalconfirmationflow" time="2.212"/>
  <testcase classname="com.testcases.FlightReservationTest" name="selectflightsflow" time="6.761"/>
  <testcase classname="com.testcases.FlightReservationTest" name="finalconfirmationflow" time="1.732"/>
  <testcase classname="com.testcases.FlightReservationTest" name="selectflightsflow" time="6.668"/>
  <testcase classname="com.testcases.FlightReservationTest" name="searchingflightsflow" time="4.685"/>
  <testcase classname="com.testcases.FlightReservationTest" name="registrationflow" time="2.794"/>
  <testcase classname="com.testcases.FlightReservationTest" name="searchingflightsflow" time="3.155"/>
  <testcase classname="com.testcases.FlightReservationTest" name="registrationconfirmationflow" time="0.648"/>
  <testcase classname="com.testcases.FlightReservationTest" name="searchingflightsflow" time="2.619"/>
</testsuite> <!-- com.testcases.FlightReservationTest -->
