<?xml version="1.0" encoding="UTF-8"?>
<!-- Generated by org.testng.reporters.JUnitReportReporter -->
<testsuite hostname="1a687cb8e739" failures="0" tests="15" name="com.testcases.FlightReservationTest" time="55.285" errors="0" timestamp="2024-10-11T07:05:22 GMT" skipped="0">
  <testcase classname="com.testcases.FlightReservationTest" name="registrationconfirmationflow" time="0.806"/>
  <testcase classname="com.testcases.FlightReservationTest" name="searchingflightsflow" time="3.247"/>
  <testcase classname="com.testcases.FlightReservationTest" name="selectflightsflow" time="6.355"/>
  <testcase classname="com.testcases.FlightReservationTest" name="finalconfirmationflow" time="1.794"/>
  <testcase classname="com.testcases.FlightReservationTest" name="selectflightsflow" time="6.910"/>
  <testcase classname="com.testcases.FlightReservationTest" name="finalconfirmationflow" time="2.357"/>
  <testcase classname="com.testcases.FlightReservationTest" name="searchingflightsflow" time="4.987"/>
  <testcase classname="com.testcases.FlightReservationTest" name="registrationflow" time="4.879"/>
  <testcase classname="com.testcases.FlightReservationTest" name="searchingflightsflow" time="3.830"/>
  <testcase classname="com.testcases.FlightReservationTest" name="registrationconfirmationflow" time="0.824"/>
  <testcase classname="com.testcases.FlightReservationTest" name="registrationconfirmationflow" time="0.332"/>
  <testcase classname="com.testcases.FlightReservationTest" name="registrationflow" time="4.895"/>
  <testcase classname="com.testcases.FlightReservationTest" name="registrationflow" time="4.934"/>
  <testcase classname="com.testcases.FlightReservationTest" name="finalconfirmationflow" time="1.242"/>
  <testcase classname="com.testcases.FlightReservationTest" name="selectflightsflow" time="7.893"/>
</testsuite> <!-- com.testcases.FlightReservationTest -->
