<?xml version="1.0" encoding="UTF-8"?>
<!-- Generated by org.testng.reporters.JUnitReportReporter -->
<testsuite hostname="321b3f57f403" failures="0" tests="15" name="com.testcases.FlightReservationTest" time="52.104" errors="0" timestamp="2024-10-11T10:09:38 GMT" skipped="0">
  <testcase classname="com.testcases.FlightReservationTest" name="searchingflightsflow" time="4.166"/>
  <testcase classname="com.testcases.FlightReservationTest" name="registrationflow" time="2.779"/>
  <testcase classname="com.testcases.FlightReservationTest" name="registrationflow" time="3.071"/>
  <testcase classname="com.testcases.FlightReservationTest" name="finalconfirmationflow" time="2.352"/>
  <testcase classname="com.testcases.FlightReservationTest" name="registrationconfirmationflow" time="0.671"/>
  <testcase classname="com.testcases.FlightReservationTest" name="searchingflightsflow" time="4.076"/>
  <testcase classname="com.testcases.FlightReservationTest" name="registrationconfirmationflow" time="1.703"/>
  <testcase classname="com.testcases.FlightReservationTest" name="searchingflightsflow" time="4.111"/>
  <testcase classname="com.testcases.FlightReservationTest" name="selectflightsflow" time="6.685"/>
  <testcase classname="com.testcases.FlightReservationTest" name="finalconfirmationflow" time="2.436"/>
  <testcase classname="com.testcases.FlightReservationTest" name="selectflightsflow" time="7.193"/>
  <testcase classname="com.testcases.FlightReservationTest" name="finalconfirmationflow" time="0.735"/>
  <testcase classname="com.testcases.FlightReservationTest" name="registrationflow" time="3.108"/>
  <testcase classname="com.testcases.FlightReservationTest" name="selectflightsflow" time="7.266"/>
  <testcase classname="com.testcases.FlightReservationTest" name="registrationconfirmationflow" time="1.752"/>
</testsuite> <!-- com.testcases.FlightReservationTest -->
