<?xml version="1.0" encoding="UTF-8"?>
<!-- Generated by org.testng.reporters.JUnitReportReporter -->
<testsuite hostname="6159aba0b35b" failures="0" tests="9" name="com.testcases.VendorPortalTest" time="33.543" errors="0" timestamp="2024-10-11T06:58:46 GMT" skipped="0">
  <testcase classname="com.testcases.VendorPortalTest" name="logOut" time="1.140"/>
  <testcase classname="com.testcases.VendorPortalTest" name="loginTest" time="2.186"/>
  <testcase classname="com.testcases.VendorPortalTest" name="logOut" time="1.427"/>
  <testcase classname="com.testcases.VendorPortalTest" name="loginTest" time="2.077"/>
  <testcase classname="com.testcases.VendorPortalTest" name="DashboardTest" time="7.296"/>
  <testcase classname="com.testcases.VendorPortalTest" name="DashboardTest" time="6.961"/>
  <testcase classname="com.testcases.VendorPortalTest" name="loginTest" time="2.282"/>
  <testcase classname="com.testcases.VendorPortalTest" name="DashboardTest" time="8.735"/>
  <testcase classname="com.testcases.VendorPortalTest" name="logOut" time="1.439"/>
</testsuite> <!-- com.testcases.VendorPortalTest -->
