<?xml version="1.0" encoding="UTF-8"?>
<!-- Generated by org.testng.reporters.JUnitReportReporter -->
<testsuite hostname="da36681a8d9e" failures="0" tests="9" name="com.testcases.VendorPortalTest" time="33.765" errors="0" timestamp="2024-10-11T10:06:31 GMT" skipped="0">
  <testcase classname="com.testcases.VendorPortalTest" name="logOut" time="1.146"/>
  <testcase classname="com.testcases.VendorPortalTest" name="loginTest" time="1.654"/>
  <testcase classname="com.testcases.VendorPortalTest" name="DashboardTest" time="8.067"/>
  <testcase classname="com.testcases.VendorPortalTest" name="logOut" time="1.112"/>
  <testcase classname="com.testcases.VendorPortalTest" name="DashboardTest" time="8.953"/>
  <testcase classname="com.testcases.VendorPortalTest" name="DashboardTest" time="8.444"/>
  <testcase classname="com.testcases.VendorPortalTest" name="loginTest" time="1.675"/>
  <testcase classname="com.testcases.VendorPortalTest" name="logOut" time="1.108"/>
  <testcase classname="com.testcases.VendorPortalTest" name="loginTest" time="1.606"/>
</testsuite> <!-- com.testcases.VendorPortalTest -->
