<?xml version="1.0" encoding="UTF-8"?>
<!-- Generated by org.testng.reporters.JUnitReportReporter -->
<testsuite hostname="0c5f4aaa6915" failures="0" tests="9" name="com.testcases.VendorPortalTest" time="33.799" errors="0" timestamp="2024-10-11T07:05:11 GMT" skipped="0">
  <testcase classname="com.testcases.VendorPortalTest" name="loginTest" time="2.022"/>
  <testcase classname="com.testcases.VendorPortalTest" name="loginTest" time="1.926"/>
  <testcase classname="com.testcases.VendorPortalTest" name="DashboardTest" time="8.595"/>
  <testcase classname="com.testcases.VendorPortalTest" name="DashboardTest" time="8.679"/>
  <testcase classname="com.testcases.VendorPortalTest" name="logOut" time="1.426"/>
  <testcase classname="com.testcases.VendorPortalTest" name="logOut" time="1.426"/>
  <testcase classname="com.testcases.VendorPortalTest" name="loginTest" time="1.940"/>
  <testcase classname="com.testcases.VendorPortalTest" name="DashboardTest" time="6.117"/>
  <testcase classname="com.testcases.VendorPortalTest" name="logOut" time="1.668"/>
</testsuite> <!-- com.testcases.VendorPortalTest -->
