<?xml version="1.0" encoding="UTF-8"?>
<!-- Generated by org.testng.reporters.JUnitReportReporter -->
<testsuite hostname="672ec0a5b0b3" failures="0" tests="9" name="com.testcases.VendorPortalTest" time="44.508" errors="0" timestamp="2024-10-11T09:55:34 GMT" skipped="0">
  <testcase classname="com.testcases.VendorPortalTest" name="logOut" time="2.694"/>
  <testcase classname="com.testcases.VendorPortalTest" name="logOut" time="2.890"/>
  <testcase classname="com.testcases.VendorPortalTest" name="DashboardTest" time="10.977"/>
  <testcase classname="com.testcases.VendorPortalTest" name="loginTest" time="3.648"/>
  <testcase classname="com.testcases.VendorPortalTest" name="logOut" time="1.576"/>
  <testcase classname="com.testcases.VendorPortalTest" name="DashboardTest" time="7.587"/>
  <testcase classname="com.testcases.VendorPortalTest" name="loginTest" time="3.940"/>
  <testcase classname="com.testcases.VendorPortalTest" name="DashboardTest" time="7.390"/>
  <testcase classname="com.testcases.VendorPortalTest" name="loginTest" time="3.806"/>
</testsuite> <!-- com.testcases.VendorPortalTest -->
