<?xml version="1.0" encoding="UTF-8"?>
<!-- Generated by org.testng.reporters.JUnitReportReporter -->
<testsuite hostname="0c2d6df07656" failures="0" tests="9" name="com.testcases.VendorPortalTest" time="30.476" errors="0" timestamp="2024-10-11T10:09:27 GMT" skipped="0">
  <testcase classname="com.testcases.VendorPortalTest" name="loginTest" time="1.979"/>
  <testcase classname="com.testcases.VendorPortalTest" name="logOut" time="1.081"/>
  <testcase classname="com.testcases.VendorPortalTest" name="DashboardTest" time="7.787"/>
  <testcase classname="com.testcases.VendorPortalTest" name="loginTest" time="1.942"/>
  <testcase classname="com.testcases.VendorPortalTest" name="DashboardTest" time="6.005"/>
  <testcase classname="com.testcases.VendorPortalTest" name="DashboardTest" time="7.664"/>
  <testcase classname="com.testcases.VendorPortalTest" name="logOut" time="0.986"/>
  <testcase classname="com.testcases.VendorPortalTest" name="loginTest" time="1.957"/>
  <testcase classname="com.testcases.VendorPortalTest" name="logOut" time="1.075"/>
</testsuite> <!-- com.testcases.VendorPortalTest -->
