<?xml version="1.0" encoding="UTF-8"?>
<!-- Generated by org.testng.reporters.JUnitReportReporter -->
<testsuite hostname="ccb63faf0b13" failures="0" tests="9" name="com.testcases.VendorPortalTest" time="31.643" errors="0" timestamp="2024-10-12T12:30:50 GMT" skipped="0">
  <testcase classname="com.testcases.VendorPortalTest" name="loginTest" time="1.903"/>
  <testcase classname="com.testcases.VendorPortalTest" name="loginTest" time="1.773"/>
  <testcase classname="com.testcases.VendorPortalTest" name="logOut" time="1.066"/>
  <testcase classname="com.testcases.VendorPortalTest" name="logOut" time="1.039"/>
  <testcase classname="com.testcases.VendorPortalTest" name="DashboardTest" time="8.023"/>
  <testcase classname="com.testcases.VendorPortalTest" name="DashboardTest" time="7.315"/>
  <testcase classname="com.testcases.VendorPortalTest" name="DashboardTest" time="7.706"/>
  <testcase classname="com.testcases.VendorPortalTest" name="logOut" time="1.017"/>
  <testcase classname="com.testcases.VendorPortalTest" name="loginTest" time="1.801"/>
</testsuite> <!-- com.testcases.VendorPortalTest -->
