<?xml version="1.0" encoding="UTF-8"?>
<!-- Generated by org.testng.reporters.JUnitReportReporter -->
<testsuite hostname="bd3deb6781a2" failures="0" tests="9" name="com.testcases.VendorPortalTest" time="62.617" errors="0" timestamp="2024-10-11T08:11:49 GMT" skipped="0">
  <testcase classname="com.testcases.VendorPortalTest" name="logOut" time="0.985"/>
  <testcase classname="com.testcases.VendorPortalTest" name="loginTest" time="1.616"/>
  <testcase classname="com.testcases.VendorPortalTest" name="DashboardTest" time="15.424"/>
  <testcase classname="com.testcases.VendorPortalTest" name="loginTest" time="1.582"/>
  <testcase classname="com.testcases.VendorPortalTest" name="DashboardTest" time="20.956"/>
  <testcase classname="com.testcases.VendorPortalTest" name="logOut" time="0.934"/>
  <testcase classname="com.testcases.VendorPortalTest" name="loginTest" time="1.581"/>
  <testcase classname="com.testcases.VendorPortalTest" name="DashboardTest" time="18.647"/>
  <testcase classname="com.testcases.VendorPortalTest" name="logOut" time="0.892"/>
</testsuite> <!-- com.testcases.VendorPortalTest -->
