<?xml version="1.0" encoding="UTF-8"?>
<!-- Generated by org.testng.reporters.JUnitReportReporter -->
<testsuite hostname="ee13d3855591" failures="0" tests="9" name="com.testcases.VendorPortalTest" time="29.041" errors="0" timestamp="2024-10-11T06:53:23 GMT" skipped="0">
  <testcase classname="com.testcases.VendorPortalTest" name="loginTest" time="1.925"/>
  <testcase classname="com.testcases.VendorPortalTest" name="loginTest" time="1.946"/>
  <testcase classname="com.testcases.VendorPortalTest" name="DashboardTest" time="6.319"/>
  <testcase classname="com.testcases.VendorPortalTest" name="logOut" time="1.378"/>
  <testcase classname="com.testcases.VendorPortalTest" name="DashboardTest" time="5.914"/>
  <testcase classname="com.testcases.VendorPortalTest" name="logOut" time="1.431"/>
  <testcase classname="com.testcases.VendorPortalTest" name="loginTest" time="1.873"/>
  <testcase classname="com.testcases.VendorPortalTest" name="DashboardTest" time="6.854"/>
  <testcase classname="com.testcases.VendorPortalTest" name="logOut" time="1.401"/>
</testsuite> <!-- com.testcases.VendorPortalTest -->
