<?xml version="1.0" encoding="UTF-8"?>
<!-- Generated by org.testng.reporters.JUnitReportReporter -->
<testsuite hostname="37bef9a03889" failures="0" tests="9" name="com.testcases.VendorPortalTest" time="28.665" errors="0" timestamp="2024-10-12T13:40:10 GMT" skipped="0">
  <testcase classname="com.testcases.VendorPortalTest" name="loginTest" time="1.893"/>
  <testcase classname="com.testcases.VendorPortalTest" name="logOut" time="1.468"/>
  <testcase classname="com.testcases.VendorPortalTest" name="DashboardTest" time="6.266"/>
  <testcase classname="com.testcases.VendorPortalTest" name="DashboardTest" time="6.291"/>
  <testcase classname="com.testcases.VendorPortalTest" name="loginTest" time="1.887"/>
  <testcase classname="com.testcases.VendorPortalTest" name="logOut" time="1.284"/>
  <testcase classname="com.testcases.VendorPortalTest" name="loginTest" time="1.978"/>
  <testcase classname="com.testcases.VendorPortalTest" name="logOut" time="1.459"/>
  <testcase classname="com.testcases.VendorPortalTest" name="DashboardTest" time="6.139"/>
</testsuite> <!-- com.testcases.VendorPortalTest -->
